---------------------------------------
Begin Slurm Prolog: Apr-26-2025 23:22:33
Job ID:    2539482
User ID:   mtalreja6
Account:   coc
Job name:  LayerSkipWithLayerDrop
Partition: ice-gpu
QOS:       coc-ice
---------------------------------------
/var/lib/slurm/slurmd/job2539482/slurm_script: line 14: huggingface-cli: command not found
/storage/ice1/4/0/mtalreja6/layerskip/LayerSkip/layer_skip_env/bin/python
Traceback (most recent call last):
Traceback (most recent call last):
  File "/storage/ice1/4/0/mtalreja6/layerskip/LayerSkip/layer_skip_env/bin/torchrun", line 8, in <module>
Traceback (most recent call last):
  File "/storage/ice1/4/0/mtalreja6/layerskip/LayerSkip/layer_skip_env/bin/torchrun", line 8, in <module>
  File "/storage/ice1/4/0/mtalreja6/layerskip/LayerSkip/layer_skip_env/bin/torchrun", line 8, in <module>
    sys.exit(main())
  File "/storage/ice1/4/0/mtalreja6/layerskip/LayerSkip/layer_skip_env/lib/python3.10/site-packages/torch/distributed/elastic/multiprocessing/errors/__init__.py", line 348, in wrapper
    sys.exit(main())
  File "/storage/ice1/4/0/mtalreja6/layerskip/LayerSkip/layer_skip_env/lib/python3.10/site-packages/torch/distributed/elastic/multiprocessing/errors/__init__.py", line 348, in wrapper
    sys.exit(main())
  File "/storage/ice1/4/0/mtalreja6/layerskip/LayerSkip/layer_skip_env/lib/python3.10/site-packages/torch/distributed/elastic/multiprocessing/errors/__init__.py", line 348, in wrapper
    return f(*args, **kwargs)
  File "/storage/ice1/4/0/mtalreja6/layerskip/LayerSkip/layer_skip_env/lib/python3.10/site-packages/torch/distributed/run.py", line 901, in main
    return f(*args, **kwargs)
  File "/storage/ice1/4/0/mtalreja6/layerskip/LayerSkip/layer_skip_env/lib/python3.10/site-packages/torch/distributed/run.py", line 901, in main
    return f(*args, **kwargs)
  File "/storage/ice1/4/0/mtalreja6/layerskip/LayerSkip/layer_skip_env/lib/python3.10/site-packages/torch/distributed/run.py", line 901, in main
    run(args)
  File "/storage/ice1/4/0/mtalreja6/layerskip/LayerSkip/layer_skip_env/lib/python3.10/site-packages/torch/distributed/run.py", line 892, in run
    run(args)
  File "/storage/ice1/4/0/mtalreja6/layerskip/LayerSkip/layer_skip_env/lib/python3.10/site-packages/torch/distributed/run.py", line 892, in run
    elastic_launch(
  File "/storage/ice1/4/0/mtalreja6/layerskip/LayerSkip/layer_skip_env/lib/python3.10/site-packages/torch/distributed/launcher/api.py", line 133, in __call__
    run(args)
  File "/storage/ice1/4/0/mtalreja6/layerskip/LayerSkip/layer_skip_env/lib/python3.10/site-packages/torch/distributed/run.py", line 892, in run
    elastic_launch(
  File "/storage/ice1/4/0/mtalreja6/layerskip/LayerSkip/layer_skip_env/lib/python3.10/site-packages/torch/distributed/launcher/api.py", line 133, in __call__
    return launch_agent(self._config, self._entrypoint, list(args))
  File "/storage/ice1/4/0/mtalreja6/layerskip/LayerSkip/layer_skip_env/lib/python3.10/site-packages/torch/distributed/launcher/api.py", line 255, in launch_agent
    return launch_agent(self._config, self._entrypoint, list(args))
  File "/storage/ice1/4/0/mtalreja6/layerskip/LayerSkip/layer_skip_env/lib/python3.10/site-packages/torch/distributed/launcher/api.py", line 255, in launch_agent
    elastic_launch(
  File "/storage/ice1/4/0/mtalreja6/layerskip/LayerSkip/layer_skip_env/lib/python3.10/site-packages/torch/distributed/launcher/api.py", line 133, in __call__
    result = agent.run()
  File "/storage/ice1/4/0/mtalreja6/layerskip/LayerSkip/layer_skip_env/lib/python3.10/site-packages/torch/distributed/elastic/metrics/api.py", line 124, in wrapper
    return launch_agent(self._config, self._entrypoint, list(args))
  File "/storage/ice1/4/0/mtalreja6/layerskip/LayerSkip/layer_skip_env/lib/python3.10/site-packages/torch/distributed/launcher/api.py", line 255, in launch_agent
    result = agent.run()
  File "/storage/ice1/4/0/mtalreja6/layerskip/LayerSkip/layer_skip_env/lib/python3.10/site-packages/torch/distributed/elastic/metrics/api.py", line 124, in wrapper
    result = f(*args, **kwargs)
  File "/storage/ice1/4/0/mtalreja6/layerskip/LayerSkip/layer_skip_env/lib/python3.10/site-packages/torch/distributed/elastic/agent/server/api.py", line 680, in run
    result = f(*args, **kwargs)
    result = agent.run()
  File "/storage/ice1/4/0/mtalreja6/layerskip/LayerSkip/layer_skip_env/lib/python3.10/site-packages/torch/distributed/elastic/metrics/api.py", line 124, in wrapper
  File "/storage/ice1/4/0/mtalreja6/layerskip/LayerSkip/layer_skip_env/lib/python3.10/site-packages/torch/distributed/elastic/agent/server/api.py", line 680, in run
    result = self._invoke_run(role)
  File "/storage/ice1/4/0/mtalreja6/layerskip/LayerSkip/layer_skip_env/lib/python3.10/site-packages/torch/distributed/elastic/agent/server/api.py", line 829, in _invoke_run
    result = f(*args, **kwargs)
  File "/storage/ice1/4/0/mtalreja6/layerskip/LayerSkip/layer_skip_env/lib/python3.10/site-packages/torch/distributed/elastic/agent/server/api.py", line 680, in run
    result = self._invoke_run(role)
  File "/storage/ice1/4/0/mtalreja6/layerskip/LayerSkip/layer_skip_env/lib/python3.10/site-packages/torch/distributed/elastic/agent/server/api.py", line 829, in _invoke_run
    self._initialize_workers(self._worker_group)
  File "/storage/ice1/4/0/mtalreja6/layerskip/LayerSkip/layer_skip_env/lib/python3.10/site-packages/torch/distributed/elastic/metrics/api.py", line 124, in wrapper
    self._initialize_workers(self._worker_group)
  File "/storage/ice1/4/0/mtalreja6/layerskip/LayerSkip/layer_skip_env/lib/python3.10/site-packages/torch/distributed/elastic/metrics/api.py", line 124, in wrapper
    result = self._invoke_run(role)
  File "/storage/ice1/4/0/mtalreja6/layerskip/LayerSkip/layer_skip_env/lib/python3.10/site-packages/torch/distributed/elastic/agent/server/api.py", line 829, in _invoke_run
    result = f(*args, **kwargs)
  File "/storage/ice1/4/0/mtalreja6/layerskip/LayerSkip/layer_skip_env/lib/python3.10/site-packages/torch/distributed/elastic/agent/server/api.py", line 652, in _initialize_workers
    result = f(*args, **kwargs)
  File "/storage/ice1/4/0/mtalreja6/layerskip/LayerSkip/layer_skip_env/lib/python3.10/site-packages/torch/distributed/elastic/agent/server/api.py", line 652, in _initialize_workers
    self._rendezvous(worker_group)
  File "/storage/ice1/4/0/mtalreja6/layerskip/LayerSkip/layer_skip_env/lib/python3.10/site-packages/torch/distributed/elastic/metrics/api.py", line 124, in wrapper
    self._initialize_workers(self._worker_group)
  File "/storage/ice1/4/0/mtalreja6/layerskip/LayerSkip/layer_skip_env/lib/python3.10/site-packages/torch/distributed/elastic/metrics/api.py", line 124, in wrapper
    self._rendezvous(worker_group)
  File "/storage/ice1/4/0/mtalreja6/layerskip/LayerSkip/layer_skip_env/lib/python3.10/site-packages/torch/distributed/elastic/metrics/api.py", line 124, in wrapper
    result = f(*args, **kwargs)
  File "/storage/ice1/4/0/mtalreja6/layerskip/LayerSkip/layer_skip_env/lib/python3.10/site-packages/torch/distributed/elastic/agent/server/api.py", line 489, in _rendezvous
    result = f(*args, **kwargs)
  File "/storage/ice1/4/0/mtalreja6/layerskip/LayerSkip/layer_skip_env/lib/python3.10/site-packages/torch/distributed/elastic/agent/server/api.py", line 652, in _initialize_workers
    result = f(*args, **kwargs)
  File "/storage/ice1/4/0/mtalreja6/layerskip/LayerSkip/layer_skip_env/lib/python3.10/site-packages/torch/distributed/elastic/agent/server/api.py", line 489, in _rendezvous
    rdzv_info = spec.rdzv_handler.next_rendezvous()
  File "/storage/ice1/4/0/mtalreja6/layerskip/LayerSkip/layer_skip_env/lib/python3.10/site-packages/torch/distributed/elastic/rendezvous/static_tcp_rendezvous.py", line 66, in next_rendezvous
    self._rendezvous(worker_group)
  File "/storage/ice1/4/0/mtalreja6/layerskip/LayerSkip/layer_skip_env/lib/python3.10/site-packages/torch/distributed/elastic/metrics/api.py", line 124, in wrapper
    rdzv_info = spec.rdzv_handler.next_rendezvous()
  File "/storage/ice1/4/0/mtalreja6/layerskip/LayerSkip/layer_skip_env/lib/python3.10/site-packages/torch/distributed/elastic/rendezvous/static_tcp_rendezvous.py", line 66, in next_rendezvous
    self._store = TCPStore(  # type: ignore[call-arg]
RuntimeError: The server socket has failed to listen on any local network address. useIpv6: 0, code: -98, name: EADDRINUSE, message: address already in use
    result = f(*args, **kwargs)
  File "/storage/ice1/4/0/mtalreja6/layerskip/LayerSkip/layer_skip_env/lib/python3.10/site-packages/torch/distributed/elastic/agent/server/api.py", line 489, in _rendezvous
    self._store = TCPStore(  # type: ignore[call-arg]
RuntimeError: The server socket has failed to listen on any local network address. useIpv6: 0, code: -98, name: EADDRINUSE, message: address already in use
    rdzv_info = spec.rdzv_handler.next_rendezvous()
  File "/storage/ice1/4/0/mtalreja6/layerskip/LayerSkip/layer_skip_env/lib/python3.10/site-packages/torch/distributed/elastic/rendezvous/static_tcp_rendezvous.py", line 66, in next_rendezvous
    self._store = TCPStore(  # type: ignore[call-arg]
RuntimeError: The server socket has failed to listen on any local network address. useIpv6: 0, code: -98, name: EADDRINUSE, message: address already in use
srun: error: atl1-1-03-012-18-0: tasks 0-1,3: Exited with exit code 1
/home/hice1/mtalreja6/.local/lib/python3.10/site-packages/torchvision/io/image.py:14: UserWarning: Failed to load image Python extension: '/home/hice1/mtalreja6/.local/lib/python3.10/site-packages/torchvision/image.so: undefined symbol: _ZN2at4_ops9from_file4callESt17basic_string_viewIcSt11char_traitsIcEESt8optionalIbES6_IlES6_IN3c1010ScalarTypeEES6_INS9_6LayoutEES6_INS9_6DeviceEES7_'If you don't plan on using image functionality from `torchvision.io`, you can ignore this warning. Otherwise, there might be something wrong with your environment. Did you have `libjpeg` or `libpng` installed before building `torchvision` from source?
  warn(
2025-04-26:23:22:46,427 INFO     [modeling.py:1014] We will use 90% of the memory on device 0 for storing the model, and 10% for the buffer to avoid OOM. You can set `max_memory` in to a higher value to use more memory (at your own risk).
Loading checkpoint shards:   0%|          | 0/3 [00:00<?, ?it/s]Loading checkpoint shards:  33%|███▎      | 1/3 [00:02<00:04,  2.33s/it]Loading checkpoint shards:  67%|██████▋   | 2/3 [00:04<00:02,  2.29s/it]Loading checkpoint shards: 100%|██████████| 3/3 [00:06<00:00,  2.01s/it]Loading checkpoint shards: 100%|██████████| 3/3 [00:06<00:00,  2.09s/it]
2025-04-26:23:22:53,882 INFO     [evaluator.py:164] Setting random seed to 0 | Setting numpy seed to 1234 | Setting torch manual seed to 1234 | Setting fewshot manual seed to 1234
2025-04-26:23:22:53,882 INFO     [evaluator.py:217] Using pre-initialized model
2025-04-26:23:23:11,796 INFO     [task.py:415] Building contexts for hellaswag on rank 0...
  0%|          | 0/10 [00:00<?, ?it/s]100%|██████████| 10/10 [00:00<00:00, 3284.24it/s]
2025-04-26:23:23:11,804 INFO     [evaluator.py:489] Running loglikelihood requests
Running loglikelihood requests:   0%|          | 0/40 [00:00<?, ?it/s]Running loglikelihood requests:   8%|▊         | 3/40 [00:00<00:01, 21.26it/s]Running loglikelihood requests:  20%|██        | 8/40 [00:00<00:00, 34.95it/s]Running loglikelihood requests:  32%|███▎      | 13/40 [00:00<00:00, 39.20it/s]Running loglikelihood requests:  48%|████▊     | 19/40 [00:00<00:00, 43.77it/s]Running loglikelihood requests:  60%|██████    | 24/40 [00:00<00:00, 45.28it/s]Running loglikelihood requests:  72%|███████▎  | 29/40 [00:00<00:00, 46.35it/s]Running loglikelihood requests:  85%|████████▌ | 34/40 [00:00<00:00, 47.27it/s]Running loglikelihood requests:  98%|█████████▊| 39/40 [00:00<00:00, 47.67it/s]Running loglikelihood requests: 100%|██████████| 40/40 [00:00<00:00, 44.08it/s]
{'hellaswag': {'alias': 'hellaswag', 'acc,none': 0.3, 'acc_stderr,none': 0.15275252316519466, 'acc_norm,none': 0.5, 'acc_norm_stderr,none': 0.16666666666666666}}
[rank0]: Traceback (most recent call last):
[rank0]:   File "/storage/ice1/4/0/mtalreja6/layerskip/LayerSkip/eval.py", line 449, in <module>
[rank0]:     main(args, eval_arguments, generation_config)
[rank0]:   File "/storage/ice1/4/0/mtalreja6/layerskip/LayerSkip/eval.py", line 429, in main
[rank0]:     wrap.metric_result.pop("predicted_text")
[rank0]: AttributeError: 'NoneType' object has no attribute 'pop'
E0426 23:23:16.532000 23456246740800 torch/distributed/elastic/multiprocessing/api.py:833] failed (exitcode: 1) local_rank: 0 (pid: 3501649) of binary: /storage/ice1/4/0/mtalreja6/layerskip/LayerSkip/layer_skip_env/bin/python
Traceback (most recent call last):
  File "/storage/ice1/4/0/mtalreja6/layerskip/LayerSkip/layer_skip_env/bin/torchrun", line 8, in <module>
    sys.exit(main())
  File "/storage/ice1/4/0/mtalreja6/layerskip/LayerSkip/layer_skip_env/lib/python3.10/site-packages/torch/distributed/elastic/multiprocessing/errors/__init__.py", line 348, in wrapper
    return f(*args, **kwargs)
  File "/storage/ice1/4/0/mtalreja6/layerskip/LayerSkip/layer_skip_env/lib/python3.10/site-packages/torch/distributed/run.py", line 901, in main
    run(args)
  File "/storage/ice1/4/0/mtalreja6/layerskip/LayerSkip/layer_skip_env/lib/python3.10/site-packages/torch/distributed/run.py", line 892, in run
    elastic_launch(
  File "/storage/ice1/4/0/mtalreja6/layerskip/LayerSkip/layer_skip_env/lib/python3.10/site-packages/torch/distributed/launcher/api.py", line 133, in __call__
    return launch_agent(self._config, self._entrypoint, list(args))
  File "/storage/ice1/4/0/mtalreja6/layerskip/LayerSkip/layer_skip_env/lib/python3.10/site-packages/torch/distributed/launcher/api.py", line 264, in launch_agent
    raise ChildFailedError(
torch.distributed.elastic.multiprocessing.errors.ChildFailedError: 
============================================================
eval.py FAILED
------------------------------------------------------------
Failures:
  <NO_OTHER_FAILURES>
------------------------------------------------------------
Root Cause (first observed failure):
[0]:
  time      : 2025-04-26_23:23:16
  host      : atl1-1-03-012-18-0.pace.gatech.edu
  rank      : 0 (local_rank: 0)
  exitcode  : 1 (pid: 3501649)
  error_file: <N/A>
  traceback : To enable traceback see: https://pytorch.org/docs/stable/elastic/errors.html
============================================================
srun: error: atl1-1-03-012-18-0: task 2: Exited with exit code 1
---------------------------------------
Begin Slurm Epilog: Apr-26-2025 23:23:16
Job ID:        2539482
User ID:       mtalreja6
Account:       coc
Job name:      LayerSkipWithLayerDrop
Resources:     cpu=4,gres/gpu:h100=1,mem=30G,node=1
Rsrc Used:     cput=00:02:52,vmem=0,walltime=00:00:43,mem=32404K,energy_used=0
Partition:     ice-gpu
QOS:           coc-ice
Nodes:         atl1-1-03-012-18-0
---------------------------------------
